ARM GAS  C:\Users\wormley\AppData\Local\Temp\ccsFWD5E.s 			page 1


   1              		.syntax unified
   2              		.cpu cortex-m3
   3              		.fpu softvfp
   4              		.eabi_attribute 20, 1
   5              		.eabi_attribute 21, 1
   6              		.eabi_attribute 23, 3
   7              		.eabi_attribute 24, 1
   8              		.eabi_attribute 25, 1
   9              		.eabi_attribute 26, 1
  10              		.eabi_attribute 30, 1
  11              		.eabi_attribute 34, 1
  12              		.eabi_attribute 18, 4
  13              		.thumb
  14              		.syntax unified
  15              		.file	"PWM_1_PM.c"
  16              		.text
  17              	.Ltext0:
  18              		.cfi_sections	.debug_frame
  19              		.section	.text.PWM_1_SaveConfig,"ax",%progbits
  20              		.align	2
  21              		.global	PWM_1_SaveConfig
  22              		.thumb
  23              		.thumb_func
  24              		.type	PWM_1_SaveConfig, %function
  25              	PWM_1_SaveConfig:
  26              	.LFB0:
  27              		.file 1 "Generated_Source\\PSoC5\\PWM_1_PM.c"
   1:Generated_Source\PSoC5/PWM_1_PM.c **** /*******************************************************************************
   2:Generated_Source\PSoC5/PWM_1_PM.c **** * File Name: PWM_1_PM.c
   3:Generated_Source\PSoC5/PWM_1_PM.c **** * Version 3.30
   4:Generated_Source\PSoC5/PWM_1_PM.c **** *
   5:Generated_Source\PSoC5/PWM_1_PM.c **** * Description:
   6:Generated_Source\PSoC5/PWM_1_PM.c **** *  This file provides the power management source code to API for the
   7:Generated_Source\PSoC5/PWM_1_PM.c **** *  PWM.
   8:Generated_Source\PSoC5/PWM_1_PM.c **** *
   9:Generated_Source\PSoC5/PWM_1_PM.c **** * Note:
  10:Generated_Source\PSoC5/PWM_1_PM.c **** *
  11:Generated_Source\PSoC5/PWM_1_PM.c **** ********************************************************************************
  12:Generated_Source\PSoC5/PWM_1_PM.c **** * Copyright 2008-2014, Cypress Semiconductor Corporation.  All rights reserved.
  13:Generated_Source\PSoC5/PWM_1_PM.c **** * You may use this file only in accordance with the license, terms, conditions,
  14:Generated_Source\PSoC5/PWM_1_PM.c **** * disclaimers, and limitations in the end user license agreement accompanying
  15:Generated_Source\PSoC5/PWM_1_PM.c **** * the software package with which this file was provided.
  16:Generated_Source\PSoC5/PWM_1_PM.c **** *******************************************************************************/
  17:Generated_Source\PSoC5/PWM_1_PM.c **** 
  18:Generated_Source\PSoC5/PWM_1_PM.c **** #include "PWM_1.h"
  19:Generated_Source\PSoC5/PWM_1_PM.c **** 
  20:Generated_Source\PSoC5/PWM_1_PM.c **** static PWM_1_backupStruct PWM_1_backup;
  21:Generated_Source\PSoC5/PWM_1_PM.c **** 
  22:Generated_Source\PSoC5/PWM_1_PM.c **** 
  23:Generated_Source\PSoC5/PWM_1_PM.c **** /*******************************************************************************
  24:Generated_Source\PSoC5/PWM_1_PM.c **** * Function Name: PWM_1_SaveConfig
  25:Generated_Source\PSoC5/PWM_1_PM.c **** ********************************************************************************
  26:Generated_Source\PSoC5/PWM_1_PM.c **** *
  27:Generated_Source\PSoC5/PWM_1_PM.c **** * Summary:
  28:Generated_Source\PSoC5/PWM_1_PM.c **** *  Saves the current user configuration of the component.
  29:Generated_Source\PSoC5/PWM_1_PM.c **** *
  30:Generated_Source\PSoC5/PWM_1_PM.c **** * Parameters:
ARM GAS  C:\Users\wormley\AppData\Local\Temp\ccsFWD5E.s 			page 2


  31:Generated_Source\PSoC5/PWM_1_PM.c **** *  None
  32:Generated_Source\PSoC5/PWM_1_PM.c **** *
  33:Generated_Source\PSoC5/PWM_1_PM.c **** * Return:
  34:Generated_Source\PSoC5/PWM_1_PM.c **** *  None
  35:Generated_Source\PSoC5/PWM_1_PM.c **** *
  36:Generated_Source\PSoC5/PWM_1_PM.c **** * Global variables:
  37:Generated_Source\PSoC5/PWM_1_PM.c **** *  PWM_1_backup:  Variables of this global structure are modified to
  38:Generated_Source\PSoC5/PWM_1_PM.c **** *  store the values of non retention configuration registers when Sleep() API is
  39:Generated_Source\PSoC5/PWM_1_PM.c **** *  called.
  40:Generated_Source\PSoC5/PWM_1_PM.c **** *
  41:Generated_Source\PSoC5/PWM_1_PM.c **** *******************************************************************************/
  42:Generated_Source\PSoC5/PWM_1_PM.c **** void PWM_1_SaveConfig(void) 
  43:Generated_Source\PSoC5/PWM_1_PM.c **** {
  28              		.loc 1 43 0
  29              		.cfi_startproc
  30              		@ args = 0, pretend = 0, frame = 0
  31              		@ frame_needed = 0, uses_anonymous_args = 0
  32 0000 10B5     		push	{r4, lr}
  33              		.cfi_def_cfa_offset 8
  34              		.cfi_offset 4, -8
  35              		.cfi_offset 14, -4
  44:Generated_Source\PSoC5/PWM_1_PM.c **** 
  45:Generated_Source\PSoC5/PWM_1_PM.c ****     #if(!PWM_1_UsingFixedFunction)
  46:Generated_Source\PSoC5/PWM_1_PM.c ****         #if(!PWM_1_PWMModeIsCenterAligned)
  47:Generated_Source\PSoC5/PWM_1_PM.c ****             PWM_1_backup.PWMPeriod = PWM_1_ReadPeriod();
  36              		.loc 1 47 0
  37 0002 FFF7FEFF 		bl	PWM_1_ReadPeriod
  38              	.LVL0:
  39 0006 034C     		ldr	r4, .L3
  40 0008 A070     		strb	r0, [r4, #2]
  48:Generated_Source\PSoC5/PWM_1_PM.c ****         #endif /* (!PWM_1_PWMModeIsCenterAligned) */
  49:Generated_Source\PSoC5/PWM_1_PM.c ****         PWM_1_backup.PWMUdb = PWM_1_ReadCounter();
  41              		.loc 1 49 0
  42 000a FFF7FEFF 		bl	PWM_1_ReadCounter
  43              	.LVL1:
  44 000e 6070     		strb	r0, [r4, #1]
  45 0010 10BD     		pop	{r4, pc}
  46              	.L4:
  47 0012 00BF     		.align	2
  48              	.L3:
  49 0014 00000000 		.word	.LANCHOR0
  50              		.cfi_endproc
  51              	.LFE0:
  52              		.size	PWM_1_SaveConfig, .-PWM_1_SaveConfig
  53              		.section	.text.PWM_1_RestoreConfig,"ax",%progbits
  54              		.align	2
  55              		.global	PWM_1_RestoreConfig
  56              		.thumb
  57              		.thumb_func
  58              		.type	PWM_1_RestoreConfig, %function
  59              	PWM_1_RestoreConfig:
  60              	.LFB1:
  50:Generated_Source\PSoC5/PWM_1_PM.c ****         #if (PWM_1_UseStatus)
  51:Generated_Source\PSoC5/PWM_1_PM.c ****             PWM_1_backup.InterruptMaskValue = PWM_1_STATUS_MASK;
  52:Generated_Source\PSoC5/PWM_1_PM.c ****         #endif /* (PWM_1_UseStatus) */
  53:Generated_Source\PSoC5/PWM_1_PM.c **** 
  54:Generated_Source\PSoC5/PWM_1_PM.c ****         #if(PWM_1_DeadBandMode == PWM_1__B_PWM__DBM_256_CLOCKS || \
ARM GAS  C:\Users\wormley\AppData\Local\Temp\ccsFWD5E.s 			page 3


  55:Generated_Source\PSoC5/PWM_1_PM.c ****             PWM_1_DeadBandMode == PWM_1__B_PWM__DBM_2_4_CLOCKS)
  56:Generated_Source\PSoC5/PWM_1_PM.c ****             PWM_1_backup.PWMdeadBandValue = PWM_1_ReadDeadTime();
  57:Generated_Source\PSoC5/PWM_1_PM.c ****         #endif /*  deadband count is either 2-4 clocks or 256 clocks */
  58:Generated_Source\PSoC5/PWM_1_PM.c **** 
  59:Generated_Source\PSoC5/PWM_1_PM.c ****         #if(PWM_1_KillModeMinTime)
  60:Generated_Source\PSoC5/PWM_1_PM.c ****              PWM_1_backup.PWMKillCounterPeriod = PWM_1_ReadKillTime();
  61:Generated_Source\PSoC5/PWM_1_PM.c ****         #endif /* (PWM_1_KillModeMinTime) */
  62:Generated_Source\PSoC5/PWM_1_PM.c **** 
  63:Generated_Source\PSoC5/PWM_1_PM.c ****         #if(PWM_1_UseControl)
  64:Generated_Source\PSoC5/PWM_1_PM.c ****             PWM_1_backup.PWMControlRegister = PWM_1_ReadControlRegister();
  65:Generated_Source\PSoC5/PWM_1_PM.c ****         #endif /* (PWM_1_UseControl) */
  66:Generated_Source\PSoC5/PWM_1_PM.c ****     #endif  /* (!PWM_1_UsingFixedFunction) */
  67:Generated_Source\PSoC5/PWM_1_PM.c **** }
  68:Generated_Source\PSoC5/PWM_1_PM.c **** 
  69:Generated_Source\PSoC5/PWM_1_PM.c **** 
  70:Generated_Source\PSoC5/PWM_1_PM.c **** /*******************************************************************************
  71:Generated_Source\PSoC5/PWM_1_PM.c **** * Function Name: PWM_1_RestoreConfig
  72:Generated_Source\PSoC5/PWM_1_PM.c **** ********************************************************************************
  73:Generated_Source\PSoC5/PWM_1_PM.c **** *
  74:Generated_Source\PSoC5/PWM_1_PM.c **** * Summary:
  75:Generated_Source\PSoC5/PWM_1_PM.c **** *  Restores the current user configuration of the component.
  76:Generated_Source\PSoC5/PWM_1_PM.c **** *
  77:Generated_Source\PSoC5/PWM_1_PM.c **** * Parameters:
  78:Generated_Source\PSoC5/PWM_1_PM.c **** *  None
  79:Generated_Source\PSoC5/PWM_1_PM.c **** *
  80:Generated_Source\PSoC5/PWM_1_PM.c **** * Return:
  81:Generated_Source\PSoC5/PWM_1_PM.c **** *  None
  82:Generated_Source\PSoC5/PWM_1_PM.c **** *
  83:Generated_Source\PSoC5/PWM_1_PM.c **** * Global variables:
  84:Generated_Source\PSoC5/PWM_1_PM.c **** *  PWM_1_backup:  Variables of this global structure are used to
  85:Generated_Source\PSoC5/PWM_1_PM.c **** *  restore the values of non retention registers on wakeup from sleep mode.
  86:Generated_Source\PSoC5/PWM_1_PM.c **** *
  87:Generated_Source\PSoC5/PWM_1_PM.c **** *******************************************************************************/
  88:Generated_Source\PSoC5/PWM_1_PM.c **** void PWM_1_RestoreConfig(void) 
  89:Generated_Source\PSoC5/PWM_1_PM.c **** {
  61              		.loc 1 89 0
  62              		.cfi_startproc
  63              		@ args = 0, pretend = 0, frame = 0
  64              		@ frame_needed = 0, uses_anonymous_args = 0
  65 0000 10B5     		push	{r4, lr}
  66              		.cfi_def_cfa_offset 8
  67              		.cfi_offset 4, -8
  68              		.cfi_offset 14, -4
  90:Generated_Source\PSoC5/PWM_1_PM.c ****         #if(!PWM_1_UsingFixedFunction)
  91:Generated_Source\PSoC5/PWM_1_PM.c ****             #if(!PWM_1_PWMModeIsCenterAligned)
  92:Generated_Source\PSoC5/PWM_1_PM.c ****                 PWM_1_WritePeriod(PWM_1_backup.PWMPeriod);
  69              		.loc 1 92 0
  70 0002 044C     		ldr	r4, .L7
  71 0004 A078     		ldrb	r0, [r4, #2]	@ zero_extendqisi2
  72 0006 FFF7FEFF 		bl	PWM_1_WritePeriod
  73              	.LVL2:
  93:Generated_Source\PSoC5/PWM_1_PM.c ****             #endif /* (!PWM_1_PWMModeIsCenterAligned) */
  94:Generated_Source\PSoC5/PWM_1_PM.c **** 
  95:Generated_Source\PSoC5/PWM_1_PM.c ****             PWM_1_WriteCounter(PWM_1_backup.PWMUdb);
  74              		.loc 1 95 0
  75 000a 6078     		ldrb	r0, [r4, #1]	@ zero_extendqisi2
  76 000c FFF7FEFF 		bl	PWM_1_WriteCounter
ARM GAS  C:\Users\wormley\AppData\Local\Temp\ccsFWD5E.s 			page 4


  77              	.LVL3:
  78 0010 10BD     		pop	{r4, pc}
  79              	.L8:
  80 0012 00BF     		.align	2
  81              	.L7:
  82 0014 00000000 		.word	.LANCHOR0
  83              		.cfi_endproc
  84              	.LFE1:
  85              		.size	PWM_1_RestoreConfig, .-PWM_1_RestoreConfig
  86              		.section	.text.PWM_1_Sleep,"ax",%progbits
  87              		.align	2
  88              		.global	PWM_1_Sleep
  89              		.thumb
  90              		.thumb_func
  91              		.type	PWM_1_Sleep, %function
  92              	PWM_1_Sleep:
  93              	.LFB2:
  96:Generated_Source\PSoC5/PWM_1_PM.c **** 
  97:Generated_Source\PSoC5/PWM_1_PM.c ****             #if (PWM_1_UseStatus)
  98:Generated_Source\PSoC5/PWM_1_PM.c ****                 PWM_1_STATUS_MASK = PWM_1_backup.InterruptMaskValue;
  99:Generated_Source\PSoC5/PWM_1_PM.c ****             #endif /* (PWM_1_UseStatus) */
 100:Generated_Source\PSoC5/PWM_1_PM.c **** 
 101:Generated_Source\PSoC5/PWM_1_PM.c ****             #if(PWM_1_DeadBandMode == PWM_1__B_PWM__DBM_256_CLOCKS || \
 102:Generated_Source\PSoC5/PWM_1_PM.c ****                 PWM_1_DeadBandMode == PWM_1__B_PWM__DBM_2_4_CLOCKS)
 103:Generated_Source\PSoC5/PWM_1_PM.c ****                 PWM_1_WriteDeadTime(PWM_1_backup.PWMdeadBandValue);
 104:Generated_Source\PSoC5/PWM_1_PM.c ****             #endif /* deadband count is either 2-4 clocks or 256 clocks */
 105:Generated_Source\PSoC5/PWM_1_PM.c **** 
 106:Generated_Source\PSoC5/PWM_1_PM.c ****             #if(PWM_1_KillModeMinTime)
 107:Generated_Source\PSoC5/PWM_1_PM.c ****                 PWM_1_WriteKillTime(PWM_1_backup.PWMKillCounterPeriod);
 108:Generated_Source\PSoC5/PWM_1_PM.c ****             #endif /* (PWM_1_KillModeMinTime) */
 109:Generated_Source\PSoC5/PWM_1_PM.c **** 
 110:Generated_Source\PSoC5/PWM_1_PM.c ****             #if(PWM_1_UseControl)
 111:Generated_Source\PSoC5/PWM_1_PM.c ****                 PWM_1_WriteControlRegister(PWM_1_backup.PWMControlRegister);
 112:Generated_Source\PSoC5/PWM_1_PM.c ****             #endif /* (PWM_1_UseControl) */
 113:Generated_Source\PSoC5/PWM_1_PM.c ****         #endif  /* (!PWM_1_UsingFixedFunction) */
 114:Generated_Source\PSoC5/PWM_1_PM.c ****     }
 115:Generated_Source\PSoC5/PWM_1_PM.c **** 
 116:Generated_Source\PSoC5/PWM_1_PM.c **** 
 117:Generated_Source\PSoC5/PWM_1_PM.c **** /*******************************************************************************
 118:Generated_Source\PSoC5/PWM_1_PM.c **** * Function Name: PWM_1_Sleep
 119:Generated_Source\PSoC5/PWM_1_PM.c **** ********************************************************************************
 120:Generated_Source\PSoC5/PWM_1_PM.c **** *
 121:Generated_Source\PSoC5/PWM_1_PM.c **** * Summary:
 122:Generated_Source\PSoC5/PWM_1_PM.c **** *  Disables block's operation and saves the user configuration. Should be called
 123:Generated_Source\PSoC5/PWM_1_PM.c **** *  just prior to entering sleep.
 124:Generated_Source\PSoC5/PWM_1_PM.c **** *
 125:Generated_Source\PSoC5/PWM_1_PM.c **** * Parameters:
 126:Generated_Source\PSoC5/PWM_1_PM.c **** *  None
 127:Generated_Source\PSoC5/PWM_1_PM.c **** *
 128:Generated_Source\PSoC5/PWM_1_PM.c **** * Return:
 129:Generated_Source\PSoC5/PWM_1_PM.c **** *  None
 130:Generated_Source\PSoC5/PWM_1_PM.c **** *
 131:Generated_Source\PSoC5/PWM_1_PM.c **** * Global variables:
 132:Generated_Source\PSoC5/PWM_1_PM.c **** *  PWM_1_backup.PWMEnableState:  Is modified depending on the enable
 133:Generated_Source\PSoC5/PWM_1_PM.c **** *  state of the block before entering sleep mode.
 134:Generated_Source\PSoC5/PWM_1_PM.c **** *
 135:Generated_Source\PSoC5/PWM_1_PM.c **** *******************************************************************************/
ARM GAS  C:\Users\wormley\AppData\Local\Temp\ccsFWD5E.s 			page 5


 136:Generated_Source\PSoC5/PWM_1_PM.c **** void PWM_1_Sleep(void) 
 137:Generated_Source\PSoC5/PWM_1_PM.c **** {
  94              		.loc 1 137 0
  95              		.cfi_startproc
  96              		@ args = 0, pretend = 0, frame = 0
  97              		@ frame_needed = 0, uses_anonymous_args = 0
  98 0000 08B5     		push	{r3, lr}
  99              		.cfi_def_cfa_offset 8
 100              		.cfi_offset 3, -8
 101              		.cfi_offset 14, -4
 138:Generated_Source\PSoC5/PWM_1_PM.c ****     #if(PWM_1_UseControl)
 139:Generated_Source\PSoC5/PWM_1_PM.c ****         if(PWM_1_CTRL_ENABLE == (PWM_1_CONTROL & PWM_1_CTRL_ENABLE))
 140:Generated_Source\PSoC5/PWM_1_PM.c ****         {
 141:Generated_Source\PSoC5/PWM_1_PM.c ****             /*Component is enabled */
 142:Generated_Source\PSoC5/PWM_1_PM.c ****             PWM_1_backup.PWMEnableState = 1u;
 143:Generated_Source\PSoC5/PWM_1_PM.c ****         }
 144:Generated_Source\PSoC5/PWM_1_PM.c ****         else
 145:Generated_Source\PSoC5/PWM_1_PM.c ****         {
 146:Generated_Source\PSoC5/PWM_1_PM.c ****             /* Component is disabled */
 147:Generated_Source\PSoC5/PWM_1_PM.c ****             PWM_1_backup.PWMEnableState = 0u;
 148:Generated_Source\PSoC5/PWM_1_PM.c ****         }
 149:Generated_Source\PSoC5/PWM_1_PM.c ****     #endif /* (PWM_1_UseControl) */
 150:Generated_Source\PSoC5/PWM_1_PM.c **** 
 151:Generated_Source\PSoC5/PWM_1_PM.c ****     /* Stop component */
 152:Generated_Source\PSoC5/PWM_1_PM.c ****     PWM_1_Stop();
 102              		.loc 1 152 0
 103 0002 FFF7FEFF 		bl	PWM_1_Stop
 104              	.LVL4:
 153:Generated_Source\PSoC5/PWM_1_PM.c **** 
 154:Generated_Source\PSoC5/PWM_1_PM.c ****     /* Save registers configuration */
 155:Generated_Source\PSoC5/PWM_1_PM.c ****     PWM_1_SaveConfig();
 105              		.loc 1 155 0
 106 0006 FFF7FEFF 		bl	PWM_1_SaveConfig
 107              	.LVL5:
 108 000a 08BD     		pop	{r3, pc}
 109              		.cfi_endproc
 110              	.LFE2:
 111              		.size	PWM_1_Sleep, .-PWM_1_Sleep
 112              		.section	.text.PWM_1_Wakeup,"ax",%progbits
 113              		.align	2
 114              		.global	PWM_1_Wakeup
 115              		.thumb
 116              		.thumb_func
 117              		.type	PWM_1_Wakeup, %function
 118              	PWM_1_Wakeup:
 119              	.LFB3:
 156:Generated_Source\PSoC5/PWM_1_PM.c **** }
 157:Generated_Source\PSoC5/PWM_1_PM.c **** 
 158:Generated_Source\PSoC5/PWM_1_PM.c **** 
 159:Generated_Source\PSoC5/PWM_1_PM.c **** /*******************************************************************************
 160:Generated_Source\PSoC5/PWM_1_PM.c **** * Function Name: PWM_1_Wakeup
 161:Generated_Source\PSoC5/PWM_1_PM.c **** ********************************************************************************
 162:Generated_Source\PSoC5/PWM_1_PM.c **** *
 163:Generated_Source\PSoC5/PWM_1_PM.c **** * Summary:
 164:Generated_Source\PSoC5/PWM_1_PM.c **** *  Restores and enables the user configuration. Should be called just after
 165:Generated_Source\PSoC5/PWM_1_PM.c **** *  awaking from sleep.
 166:Generated_Source\PSoC5/PWM_1_PM.c **** *
ARM GAS  C:\Users\wormley\AppData\Local\Temp\ccsFWD5E.s 			page 6


 167:Generated_Source\PSoC5/PWM_1_PM.c **** * Parameters:
 168:Generated_Source\PSoC5/PWM_1_PM.c **** *  None
 169:Generated_Source\PSoC5/PWM_1_PM.c **** *
 170:Generated_Source\PSoC5/PWM_1_PM.c **** * Return:
 171:Generated_Source\PSoC5/PWM_1_PM.c **** *  None
 172:Generated_Source\PSoC5/PWM_1_PM.c **** *
 173:Generated_Source\PSoC5/PWM_1_PM.c **** * Global variables:
 174:Generated_Source\PSoC5/PWM_1_PM.c **** *  PWM_1_backup.pwmEnable:  Is used to restore the enable state of
 175:Generated_Source\PSoC5/PWM_1_PM.c **** *  block on wakeup from sleep mode.
 176:Generated_Source\PSoC5/PWM_1_PM.c **** *
 177:Generated_Source\PSoC5/PWM_1_PM.c **** *******************************************************************************/
 178:Generated_Source\PSoC5/PWM_1_PM.c **** void PWM_1_Wakeup(void) 
 179:Generated_Source\PSoC5/PWM_1_PM.c **** {
 120              		.loc 1 179 0
 121              		.cfi_startproc
 122              		@ args = 0, pretend = 0, frame = 0
 123              		@ frame_needed = 0, uses_anonymous_args = 0
 124 0000 08B5     		push	{r3, lr}
 125              		.cfi_def_cfa_offset 8
 126              		.cfi_offset 3, -8
 127              		.cfi_offset 14, -4
 180:Generated_Source\PSoC5/PWM_1_PM.c ****      /* Restore registers values */
 181:Generated_Source\PSoC5/PWM_1_PM.c ****     PWM_1_RestoreConfig();
 128              		.loc 1 181 0
 129 0002 FFF7FEFF 		bl	PWM_1_RestoreConfig
 130              	.LVL6:
 182:Generated_Source\PSoC5/PWM_1_PM.c **** 
 183:Generated_Source\PSoC5/PWM_1_PM.c ****     if(PWM_1_backup.PWMEnableState != 0u)
 131              		.loc 1 183 0
 132 0006 034B     		ldr	r3, .L14
 133 0008 1B78     		ldrb	r3, [r3]	@ zero_extendqisi2
 134 000a 0BB1     		cbz	r3, .L11
 184:Generated_Source\PSoC5/PWM_1_PM.c ****     {
 185:Generated_Source\PSoC5/PWM_1_PM.c ****         /* Enable component's operation */
 186:Generated_Source\PSoC5/PWM_1_PM.c ****         PWM_1_Enable();
 135              		.loc 1 186 0
 136 000c FFF7FEFF 		bl	PWM_1_Enable
 137              	.LVL7:
 138              	.L11:
 139 0010 08BD     		pop	{r3, pc}
 140              	.L15:
 141 0012 00BF     		.align	2
 142              	.L14:
 143 0014 00000000 		.word	.LANCHOR0
 144              		.cfi_endproc
 145              	.LFE3:
 146              		.size	PWM_1_Wakeup, .-PWM_1_Wakeup
 147              		.bss
 148              		.align	2
 149              		.set	.LANCHOR0,. + 0
 150              		.type	PWM_1_backup, %object
 151              		.size	PWM_1_backup, 3
 152              	PWM_1_backup:
 153 0000 000000   		.space	3
 154              		.text
 155              	.Letext0:
 156              		.file 2 "Generated_Source\\PSoC5\\PWM_1.h"
ARM GAS  C:\Users\wormley\AppData\Local\Temp\ccsFWD5E.s 			page 7


 157              		.file 3 "Generated_Source\\PSoC5\\cytypes.h"
 158              		.section	.debug_info,"",%progbits
 159              	.Ldebug_info0:
 160 0000 C2010000 		.4byte	0x1c2
 161 0004 0400     		.2byte	0x4
 162 0006 00000000 		.4byte	.Ldebug_abbrev0
 163 000a 04       		.byte	0x4
 164 000b 01       		.uleb128 0x1
 165 000c BD000000 		.4byte	.LASF29
 166 0010 0C       		.byte	0xc
 167 0011 7E010000 		.4byte	.LASF30
 168 0015 6B000000 		.4byte	.LASF31
 169 0019 00000000 		.4byte	.Ldebug_ranges0+0
 170 001d 00000000 		.4byte	0
 171 0021 00000000 		.4byte	.Ldebug_line0
 172 0025 02       		.uleb128 0x2
 173 0026 01       		.byte	0x1
 174 0027 06       		.byte	0x6
 175 0028 5F020000 		.4byte	.LASF0
 176 002c 02       		.uleb128 0x2
 177 002d 01       		.byte	0x1
 178 002e 08       		.byte	0x8
 179 002f AF000000 		.4byte	.LASF1
 180 0033 02       		.uleb128 0x2
 181 0034 02       		.byte	0x2
 182 0035 05       		.byte	0x5
 183 0036 61000000 		.4byte	.LASF2
 184 003a 02       		.uleb128 0x2
 185 003b 02       		.byte	0x2
 186 003c 07       		.byte	0x7
 187 003d 31000000 		.4byte	.LASF3
 188 0041 02       		.uleb128 0x2
 189 0042 04       		.byte	0x4
 190 0043 05       		.byte	0x5
 191 0044 4A020000 		.4byte	.LASF4
 192 0048 02       		.uleb128 0x2
 193 0049 04       		.byte	0x4
 194 004a 07       		.byte	0x7
 195 004b BA010000 		.4byte	.LASF5
 196 004f 02       		.uleb128 0x2
 197 0050 08       		.byte	0x8
 198 0051 05       		.byte	0x5
 199 0052 1A020000 		.4byte	.LASF6
 200 0056 02       		.uleb128 0x2
 201 0057 08       		.byte	0x8
 202 0058 07       		.byte	0x7
 203 0059 E6010000 		.4byte	.LASF7
 204 005d 03       		.uleb128 0x3
 205 005e 04       		.byte	0x4
 206 005f 05       		.byte	0x5
 207 0060 696E7400 		.ascii	"int\000"
 208 0064 02       		.uleb128 0x2
 209 0065 04       		.byte	0x4
 210 0066 07       		.byte	0x7
 211 0067 CC010000 		.4byte	.LASF8
 212 006b 04       		.uleb128 0x4
 213 006c 78010000 		.4byte	.LASF17
ARM GAS  C:\Users\wormley\AppData\Local\Temp\ccsFWD5E.s 			page 8


 214 0070 03       		.byte	0x3
 215 0071 E901     		.2byte	0x1e9
 216 0073 2C000000 		.4byte	0x2c
 217 0077 02       		.uleb128 0x2
 218 0078 04       		.byte	0x4
 219 0079 04       		.byte	0x4
 220 007a A9000000 		.4byte	.LASF9
 221 007e 02       		.uleb128 0x2
 222 007f 08       		.byte	0x8
 223 0080 04       		.byte	0x4
 224 0081 A0010000 		.4byte	.LASF10
 225 0085 02       		.uleb128 0x2
 226 0086 01       		.byte	0x1
 227 0087 08       		.byte	0x8
 228 0088 28020000 		.4byte	.LASF11
 229 008c 02       		.uleb128 0x2
 230 008d 08       		.byte	0x8
 231 008e 04       		.byte	0x4
 232 008f 53020000 		.4byte	.LASF12
 233 0093 02       		.uleb128 0x2
 234 0094 04       		.byte	0x4
 235 0095 07       		.byte	0x7
 236 0096 11020000 		.4byte	.LASF13
 237 009a 05       		.uleb128 0x5
 238 009b 03       		.byte	0x3
 239 009c 02       		.byte	0x2
 240 009d 6B       		.byte	0x6b
 241 009e C7000000 		.4byte	0xc7
 242 00a2 06       		.uleb128 0x6
 243 00a3 4B010000 		.4byte	.LASF14
 244 00a7 02       		.byte	0x2
 245 00a8 6E       		.byte	0x6e
 246 00a9 6B000000 		.4byte	0x6b
 247 00ad 00       		.byte	0
 248 00ae 06       		.uleb128 0x6
 249 00af 0D000000 		.4byte	.LASF15
 250 00b3 02       		.byte	0x2
 251 00b4 71       		.byte	0x71
 252 00b5 6B000000 		.4byte	0x6b
 253 00b9 01       		.byte	0x1
 254 00ba 06       		.uleb128 0x6
 255 00bb 14000000 		.4byte	.LASF16
 256 00bf 02       		.byte	0x2
 257 00c0 73       		.byte	0x73
 258 00c1 6B000000 		.4byte	0x6b
 259 00c5 02       		.byte	0x2
 260 00c6 00       		.byte	0
 261 00c7 07       		.uleb128 0x7
 262 00c8 A7010000 		.4byte	.LASF18
 263 00cc 02       		.byte	0x2
 264 00cd 8B       		.byte	0x8b
 265 00ce 9A000000 		.4byte	0x9a
 266 00d2 08       		.uleb128 0x8
 267 00d3 44000000 		.4byte	.LASF19
 268 00d7 01       		.byte	0x1
 269 00d8 2A       		.byte	0x2a
 270 00d9 00000000 		.4byte	.LFB0
ARM GAS  C:\Users\wormley\AppData\Local\Temp\ccsFWD5E.s 			page 9


 271 00dd 18000000 		.4byte	.LFE0-.LFB0
 272 00e1 01       		.uleb128 0x1
 273 00e2 9C       		.byte	0x9c
 274 00e3 FA000000 		.4byte	0xfa
 275 00e7 09       		.uleb128 0x9
 276 00e8 06000000 		.4byte	.LVL0
 277 00ec 83010000 		.4byte	0x183
 278 00f0 09       		.uleb128 0x9
 279 00f1 0E000000 		.4byte	.LVL1
 280 00f5 8E010000 		.4byte	0x18e
 281 00f9 00       		.byte	0
 282 00fa 08       		.uleb128 0x8
 283 00fb FD010000 		.4byte	.LASF20
 284 00ff 01       		.byte	0x1
 285 0100 58       		.byte	0x58
 286 0101 00000000 		.4byte	.LFB1
 287 0105 18000000 		.4byte	.LFE1-.LFB1
 288 0109 01       		.uleb128 0x1
 289 010a 9C       		.byte	0x9c
 290 010b 22010000 		.4byte	0x122
 291 010f 09       		.uleb128 0x9
 292 0110 0A000000 		.4byte	.LVL2
 293 0114 99010000 		.4byte	0x199
 294 0118 09       		.uleb128 0x9
 295 0119 10000000 		.4byte	.LVL3
 296 011d A4010000 		.4byte	0x1a4
 297 0121 00       		.byte	0
 298 0122 08       		.uleb128 0x8
 299 0123 55000000 		.4byte	.LASF21
 300 0127 01       		.byte	0x1
 301 0128 88       		.byte	0x88
 302 0129 00000000 		.4byte	.LFB2
 303 012d 0C000000 		.4byte	.LFE2-.LFB2
 304 0131 01       		.uleb128 0x1
 305 0132 9C       		.byte	0x9c
 306 0133 4A010000 		.4byte	0x14a
 307 0137 09       		.uleb128 0x9
 308 0138 06000000 		.4byte	.LVL4
 309 013c AF010000 		.4byte	0x1af
 310 0140 09       		.uleb128 0x9
 311 0141 0A000000 		.4byte	.LVL5
 312 0145 D2000000 		.4byte	0xd2
 313 0149 00       		.byte	0
 314 014a 08       		.uleb128 0x8
 315 014b D9010000 		.4byte	.LASF22
 316 014f 01       		.byte	0x1
 317 0150 B2       		.byte	0xb2
 318 0151 00000000 		.4byte	.LFB3
 319 0155 18000000 		.4byte	.LFE3-.LFB3
 320 0159 01       		.uleb128 0x1
 321 015a 9C       		.byte	0x9c
 322 015b 72010000 		.4byte	0x172
 323 015f 09       		.uleb128 0x9
 324 0160 06000000 		.4byte	.LVL6
 325 0164 FA000000 		.4byte	0xfa
 326 0168 09       		.uleb128 0x9
 327 0169 10000000 		.4byte	.LVL7
ARM GAS  C:\Users\wormley\AppData\Local\Temp\ccsFWD5E.s 			page 10


 328 016d BA010000 		.4byte	0x1ba
 329 0171 00       		.byte	0
 330 0172 0A       		.uleb128 0xa
 331 0173 6B010000 		.4byte	.LASF32
 332 0177 01       		.byte	0x1
 333 0178 14       		.byte	0x14
 334 0179 C7000000 		.4byte	0xc7
 335 017d 05       		.uleb128 0x5
 336 017e 03       		.byte	0x3
 337 017f 00000000 		.4byte	PWM_1_backup
 338 0183 0B       		.uleb128 0xb
 339 0184 5A010000 		.4byte	.LASF23
 340 0188 5A010000 		.4byte	.LASF23
 341 018c 02       		.byte	0x2
 342 018d C0       		.byte	0xc0
 343 018e 0B       		.uleb128 0xb
 344 018f 2D020000 		.4byte	.LASF24
 345 0193 2D020000 		.4byte	.LASF24
 346 0197 02       		.byte	0x2
 347 0198 B3       		.byte	0xb3
 348 0199 0B       		.uleb128 0xb
 349 019a 6B020000 		.4byte	.LASF25
 350 019e 6B020000 		.4byte	.LASF25
 351 01a2 02       		.byte	0x2
 352 01a3 BE       		.byte	0xbe
 353 01a4 0B       		.uleb128 0xb
 354 01a5 1E000000 		.4byte	.LASF26
 355 01a9 1E000000 		.4byte	.LASF26
 356 01ad 02       		.byte	0x2
 357 01ae BA       		.byte	0xba
 358 01af 0B       		.uleb128 0xb
 359 01b0 3F020000 		.4byte	.LASF27
 360 01b4 3F020000 		.4byte	.LASF27
 361 01b8 02       		.byte	0x2
 362 01b9 93       		.byte	0x93
 363 01ba 0B       		.uleb128 0xb
 364 01bb 00000000 		.4byte	.LASF28
 365 01bf 00000000 		.4byte	.LASF28
 366 01c3 02       		.byte	0x2
 367 01c4 DB       		.byte	0xdb
 368 01c5 00       		.byte	0
 369              		.section	.debug_abbrev,"",%progbits
 370              	.Ldebug_abbrev0:
 371 0000 01       		.uleb128 0x1
 372 0001 11       		.uleb128 0x11
 373 0002 01       		.byte	0x1
 374 0003 25       		.uleb128 0x25
 375 0004 0E       		.uleb128 0xe
 376 0005 13       		.uleb128 0x13
 377 0006 0B       		.uleb128 0xb
 378 0007 03       		.uleb128 0x3
 379 0008 0E       		.uleb128 0xe
 380 0009 1B       		.uleb128 0x1b
 381 000a 0E       		.uleb128 0xe
 382 000b 55       		.uleb128 0x55
 383 000c 17       		.uleb128 0x17
 384 000d 11       		.uleb128 0x11
ARM GAS  C:\Users\wormley\AppData\Local\Temp\ccsFWD5E.s 			page 11


 385 000e 01       		.uleb128 0x1
 386 000f 10       		.uleb128 0x10
 387 0010 17       		.uleb128 0x17
 388 0011 00       		.byte	0
 389 0012 00       		.byte	0
 390 0013 02       		.uleb128 0x2
 391 0014 24       		.uleb128 0x24
 392 0015 00       		.byte	0
 393 0016 0B       		.uleb128 0xb
 394 0017 0B       		.uleb128 0xb
 395 0018 3E       		.uleb128 0x3e
 396 0019 0B       		.uleb128 0xb
 397 001a 03       		.uleb128 0x3
 398 001b 0E       		.uleb128 0xe
 399 001c 00       		.byte	0
 400 001d 00       		.byte	0
 401 001e 03       		.uleb128 0x3
 402 001f 24       		.uleb128 0x24
 403 0020 00       		.byte	0
 404 0021 0B       		.uleb128 0xb
 405 0022 0B       		.uleb128 0xb
 406 0023 3E       		.uleb128 0x3e
 407 0024 0B       		.uleb128 0xb
 408 0025 03       		.uleb128 0x3
 409 0026 08       		.uleb128 0x8
 410 0027 00       		.byte	0
 411 0028 00       		.byte	0
 412 0029 04       		.uleb128 0x4
 413 002a 16       		.uleb128 0x16
 414 002b 00       		.byte	0
 415 002c 03       		.uleb128 0x3
 416 002d 0E       		.uleb128 0xe
 417 002e 3A       		.uleb128 0x3a
 418 002f 0B       		.uleb128 0xb
 419 0030 3B       		.uleb128 0x3b
 420 0031 05       		.uleb128 0x5
 421 0032 49       		.uleb128 0x49
 422 0033 13       		.uleb128 0x13
 423 0034 00       		.byte	0
 424 0035 00       		.byte	0
 425 0036 05       		.uleb128 0x5
 426 0037 13       		.uleb128 0x13
 427 0038 01       		.byte	0x1
 428 0039 0B       		.uleb128 0xb
 429 003a 0B       		.uleb128 0xb
 430 003b 3A       		.uleb128 0x3a
 431 003c 0B       		.uleb128 0xb
 432 003d 3B       		.uleb128 0x3b
 433 003e 0B       		.uleb128 0xb
 434 003f 01       		.uleb128 0x1
 435 0040 13       		.uleb128 0x13
 436 0041 00       		.byte	0
 437 0042 00       		.byte	0
 438 0043 06       		.uleb128 0x6
 439 0044 0D       		.uleb128 0xd
 440 0045 00       		.byte	0
 441 0046 03       		.uleb128 0x3
ARM GAS  C:\Users\wormley\AppData\Local\Temp\ccsFWD5E.s 			page 12


 442 0047 0E       		.uleb128 0xe
 443 0048 3A       		.uleb128 0x3a
 444 0049 0B       		.uleb128 0xb
 445 004a 3B       		.uleb128 0x3b
 446 004b 0B       		.uleb128 0xb
 447 004c 49       		.uleb128 0x49
 448 004d 13       		.uleb128 0x13
 449 004e 38       		.uleb128 0x38
 450 004f 0B       		.uleb128 0xb
 451 0050 00       		.byte	0
 452 0051 00       		.byte	0
 453 0052 07       		.uleb128 0x7
 454 0053 16       		.uleb128 0x16
 455 0054 00       		.byte	0
 456 0055 03       		.uleb128 0x3
 457 0056 0E       		.uleb128 0xe
 458 0057 3A       		.uleb128 0x3a
 459 0058 0B       		.uleb128 0xb
 460 0059 3B       		.uleb128 0x3b
 461 005a 0B       		.uleb128 0xb
 462 005b 49       		.uleb128 0x49
 463 005c 13       		.uleb128 0x13
 464 005d 00       		.byte	0
 465 005e 00       		.byte	0
 466 005f 08       		.uleb128 0x8
 467 0060 2E       		.uleb128 0x2e
 468 0061 01       		.byte	0x1
 469 0062 3F       		.uleb128 0x3f
 470 0063 19       		.uleb128 0x19
 471 0064 03       		.uleb128 0x3
 472 0065 0E       		.uleb128 0xe
 473 0066 3A       		.uleb128 0x3a
 474 0067 0B       		.uleb128 0xb
 475 0068 3B       		.uleb128 0x3b
 476 0069 0B       		.uleb128 0xb
 477 006a 27       		.uleb128 0x27
 478 006b 19       		.uleb128 0x19
 479 006c 11       		.uleb128 0x11
 480 006d 01       		.uleb128 0x1
 481 006e 12       		.uleb128 0x12
 482 006f 06       		.uleb128 0x6
 483 0070 40       		.uleb128 0x40
 484 0071 18       		.uleb128 0x18
 485 0072 9742     		.uleb128 0x2117
 486 0074 19       		.uleb128 0x19
 487 0075 01       		.uleb128 0x1
 488 0076 13       		.uleb128 0x13
 489 0077 00       		.byte	0
 490 0078 00       		.byte	0
 491 0079 09       		.uleb128 0x9
 492 007a 898201   		.uleb128 0x4109
 493 007d 00       		.byte	0
 494 007e 11       		.uleb128 0x11
 495 007f 01       		.uleb128 0x1
 496 0080 31       		.uleb128 0x31
 497 0081 13       		.uleb128 0x13
 498 0082 00       		.byte	0
ARM GAS  C:\Users\wormley\AppData\Local\Temp\ccsFWD5E.s 			page 13


 499 0083 00       		.byte	0
 500 0084 0A       		.uleb128 0xa
 501 0085 34       		.uleb128 0x34
 502 0086 00       		.byte	0
 503 0087 03       		.uleb128 0x3
 504 0088 0E       		.uleb128 0xe
 505 0089 3A       		.uleb128 0x3a
 506 008a 0B       		.uleb128 0xb
 507 008b 3B       		.uleb128 0x3b
 508 008c 0B       		.uleb128 0xb
 509 008d 49       		.uleb128 0x49
 510 008e 13       		.uleb128 0x13
 511 008f 02       		.uleb128 0x2
 512 0090 18       		.uleb128 0x18
 513 0091 00       		.byte	0
 514 0092 00       		.byte	0
 515 0093 0B       		.uleb128 0xb
 516 0094 2E       		.uleb128 0x2e
 517 0095 00       		.byte	0
 518 0096 3F       		.uleb128 0x3f
 519 0097 19       		.uleb128 0x19
 520 0098 3C       		.uleb128 0x3c
 521 0099 19       		.uleb128 0x19
 522 009a 6E       		.uleb128 0x6e
 523 009b 0E       		.uleb128 0xe
 524 009c 03       		.uleb128 0x3
 525 009d 0E       		.uleb128 0xe
 526 009e 3A       		.uleb128 0x3a
 527 009f 0B       		.uleb128 0xb
 528 00a0 3B       		.uleb128 0x3b
 529 00a1 0B       		.uleb128 0xb
 530 00a2 00       		.byte	0
 531 00a3 00       		.byte	0
 532 00a4 00       		.byte	0
 533              		.section	.debug_aranges,"",%progbits
 534 0000 34000000 		.4byte	0x34
 535 0004 0200     		.2byte	0x2
 536 0006 00000000 		.4byte	.Ldebug_info0
 537 000a 04       		.byte	0x4
 538 000b 00       		.byte	0
 539 000c 0000     		.2byte	0
 540 000e 0000     		.2byte	0
 541 0010 00000000 		.4byte	.LFB0
 542 0014 18000000 		.4byte	.LFE0-.LFB0
 543 0018 00000000 		.4byte	.LFB1
 544 001c 18000000 		.4byte	.LFE1-.LFB1
 545 0020 00000000 		.4byte	.LFB2
 546 0024 0C000000 		.4byte	.LFE2-.LFB2
 547 0028 00000000 		.4byte	.LFB3
 548 002c 18000000 		.4byte	.LFE3-.LFB3
 549 0030 00000000 		.4byte	0
 550 0034 00000000 		.4byte	0
 551              		.section	.debug_ranges,"",%progbits
 552              	.Ldebug_ranges0:
 553 0000 00000000 		.4byte	.LFB0
 554 0004 18000000 		.4byte	.LFE0
 555 0008 00000000 		.4byte	.LFB1
ARM GAS  C:\Users\wormley\AppData\Local\Temp\ccsFWD5E.s 			page 14


 556 000c 18000000 		.4byte	.LFE1
 557 0010 00000000 		.4byte	.LFB2
 558 0014 0C000000 		.4byte	.LFE2
 559 0018 00000000 		.4byte	.LFB3
 560 001c 18000000 		.4byte	.LFE3
 561 0020 00000000 		.4byte	0
 562 0024 00000000 		.4byte	0
 563              		.section	.debug_line,"",%progbits
 564              	.Ldebug_line0:
 565 0000 A0000000 		.section	.debug_str,"MS",%progbits,1
 565      02005000 
 565      00000201 
 565      FB0E0D00 
 565      01010101 
 566              	.LASF28:
 567 0000 50574D5F 		.ascii	"PWM_1_Enable\000"
 567      315F456E 
 567      61626C65 
 567      00
 568              	.LASF15:
 569 000d 50574D55 		.ascii	"PWMUdb\000"
 569      646200
 570              	.LASF16:
 571 0014 50574D50 		.ascii	"PWMPeriod\000"
 571      6572696F 
 571      6400
 572              	.LASF26:
 573 001e 50574D5F 		.ascii	"PWM_1_WriteCounter\000"
 573      315F5772 
 573      69746543 
 573      6F756E74 
 573      657200
 574              	.LASF3:
 575 0031 73686F72 		.ascii	"short unsigned int\000"
 575      7420756E 
 575      7369676E 
 575      65642069 
 575      6E7400
 576              	.LASF19:
 577 0044 50574D5F 		.ascii	"PWM_1_SaveConfig\000"
 577      315F5361 
 577      7665436F 
 577      6E666967 
 577      00
 578              	.LASF21:
 579 0055 50574D5F 		.ascii	"PWM_1_Sleep\000"
 579      315F536C 
 579      65657000 
 580              	.LASF2:
 581 0061 73686F72 		.ascii	"short int\000"
 581      7420696E 
 581      7400
 582              	.LASF31:
 583 006b 5C5C7361 		.ascii	"\\\\sauron\\wormley\\shared\\git\\local\\FluxEngine"
 583      75726F6E 
 583      5C776F72 
 583      6D6C6579 
ARM GAS  C:\Users\wormley\AppData\Local\Temp\ccsFWD5E.s 			page 15


 583      5C736861 
 584 0097 5F426F6F 		.ascii	"_Bootloader.cydsn\000"
 584      746C6F61 
 584      6465722E 
 584      63796473 
 584      6E00
 585              	.LASF9:
 586 00a9 666C6F61 		.ascii	"float\000"
 586      7400
 587              	.LASF1:
 588 00af 756E7369 		.ascii	"unsigned char\000"
 588      676E6564 
 588      20636861 
 588      7200
 589              	.LASF29:
 590 00bd 474E5520 		.ascii	"GNU C11 5.4.1 20160609 (release) [ARM/embedded-5-br"
 590      43313120 
 590      352E342E 
 590      31203230 
 590      31363036 
 591 00f0 616E6368 		.ascii	"anch revision 237715] -mcpu=cortex-m3 -mthumb -g -O"
 591      20726576 
 591      6973696F 
 591      6E203233 
 591      37373135 
 592 0123 67202D66 		.ascii	"g -ffunction-sections -ffat-lto-objects\000"
 592      66756E63 
 592      74696F6E 
 592      2D736563 
 592      74696F6E 
 593              	.LASF14:
 594 014b 50574D45 		.ascii	"PWMEnableState\000"
 594      6E61626C 
 594      65537461 
 594      746500
 595              	.LASF23:
 596 015a 50574D5F 		.ascii	"PWM_1_ReadPeriod\000"
 596      315F5265 
 596      61645065 
 596      72696F64 
 596      00
 597              	.LASF32:
 598 016b 50574D5F 		.ascii	"PWM_1_backup\000"
 598      315F6261 
 598      636B7570 
 598      00
 599              	.LASF17:
 600 0178 75696E74 		.ascii	"uint8\000"
 600      3800
 601              	.LASF30:
 602 017e 47656E65 		.ascii	"Generated_Source\\PSoC5\\PWM_1_PM.c\000"
 602      72617465 
 602      645F536F 
 602      75726365 
 602      5C50536F 
 603              	.LASF10:
 604 01a0 646F7562 		.ascii	"double\000"
ARM GAS  C:\Users\wormley\AppData\Local\Temp\ccsFWD5E.s 			page 16


 604      6C6500
 605              	.LASF18:
 606 01a7 50574D5F 		.ascii	"PWM_1_backupStruct\000"
 606      315F6261 
 606      636B7570 
 606      53747275 
 606      637400
 607              	.LASF5:
 608 01ba 6C6F6E67 		.ascii	"long unsigned int\000"
 608      20756E73 
 608      69676E65 
 608      6420696E 
 608      7400
 609              	.LASF8:
 610 01cc 756E7369 		.ascii	"unsigned int\000"
 610      676E6564 
 610      20696E74 
 610      00
 611              	.LASF22:
 612 01d9 50574D5F 		.ascii	"PWM_1_Wakeup\000"
 612      315F5761 
 612      6B657570 
 612      00
 613              	.LASF7:
 614 01e6 6C6F6E67 		.ascii	"long long unsigned int\000"
 614      206C6F6E 
 614      6720756E 
 614      7369676E 
 614      65642069 
 615              	.LASF20:
 616 01fd 50574D5F 		.ascii	"PWM_1_RestoreConfig\000"
 616      315F5265 
 616      73746F72 
 616      65436F6E 
 616      66696700 
 617              	.LASF13:
 618 0211 73697A65 		.ascii	"sizetype\000"
 618      74797065 
 618      00
 619              	.LASF6:
 620 021a 6C6F6E67 		.ascii	"long long int\000"
 620      206C6F6E 
 620      6720696E 
 620      7400
 621              	.LASF11:
 622 0228 63686172 		.ascii	"char\000"
 622      00
 623              	.LASF24:
 624 022d 50574D5F 		.ascii	"PWM_1_ReadCounter\000"
 624      315F5265 
 624      6164436F 
 624      756E7465 
 624      7200
 625              	.LASF27:
 626 023f 50574D5F 		.ascii	"PWM_1_Stop\000"
 626      315F5374 
 626      6F7000
ARM GAS  C:\Users\wormley\AppData\Local\Temp\ccsFWD5E.s 			page 17


 627              	.LASF4:
 628 024a 6C6F6E67 		.ascii	"long int\000"
 628      20696E74 
 628      00
 629              	.LASF12:
 630 0253 6C6F6E67 		.ascii	"long double\000"
 630      20646F75 
 630      626C6500 
 631              	.LASF0:
 632 025f 7369676E 		.ascii	"signed char\000"
 632      65642063 
 632      68617200 
 633              	.LASF25:
 634 026b 50574D5F 		.ascii	"PWM_1_WritePeriod\000"
 634      315F5772 
 634      69746550 
 634      6572696F 
 634      6400
 635              		.ident	"GCC: (GNU Tools for ARM Embedded Processors) 5.4.1 20160609 (release) [ARM/embedded-5-bran
